<?xml version="1.0" encoding="UTF-8"?>
<!-- Generated by org.testng.reporters.JUnitReportReporter -->
<testsuite skipped="0" hostname="DESKTOP-5OHR9DS" name="com.herokuapp.testsuite.LoginPageTest" tests="3" failures="0" timestamp="2022-12-13T17:16:31 GMT" time="17.607" errors="0">
  <testcase name="verifyTheUsernameErrorMessage" time="4.269" classname="com.herokuapp.testsuite.LoginPageTest"/>
  <system-out>
    <![CDATA[Entering tomsmith1 User Name [[ChromeDriver: chrome on WINDOWS (a77ec1d4b4782c089fca86ee5f4abf0c)] -> id: username]
Entering SuperSecretPassword! User Name [[ChromeDriver: chrome on WINDOWS (a77ec1d4b4782c089fca86ee5f4abf0c)] -> id: password]
click on Loging Button[[ChromeDriver: chrome on WINDOWS (a77ec1d4b4782c089fca86ee5f4abf0c)] -> xpath: //button[@type='submit']]
Entering invalid user and password [[ChromeDriver: chrome on WINDOWS (a77ec1d4b4782c089fca86ee5f4abf0c)] -> xpath: //div[@id='flash-messages']]]]>
  </system-out>
  <testcase name="UserShouldLoginSuccessfullyWithValidCredentials" time="5.664" classname="com.herokuapp.testsuite.LoginPageTest"/>
  <system-out>
    <![CDATA[Entering tomsmith User Name [[ChromeDriver: chrome on WINDOWS (85eb5309981b566ac69da275c4ab7dc3)] -> id: username]
Entering SuperSecretPassword! User Name [[ChromeDriver: chrome on WINDOWS (85eb5309981b566ac69da275c4ab7dc3)] -> id: password]
click on Loging Button[[ChromeDriver: chrome on WINDOWS (85eb5309981b566ac69da275c4ab7dc3)] -> xpath: //button[@type='submit']]
verify Secure Area text [[ChromeDriver: chrome on WINDOWS (85eb5309981b566ac69da275c4ab7dc3)] -> xpath: //h2[text()=' Secure Area']]]]>
  </system-out>
  <testcase name="verifyThePasswordErrorMessage" time="7.674" classname="com.herokuapp.testsuite.LoginPageTest"/>
  <system-out>
    <![CDATA[Entering tomsmith User Name [[ChromeDriver: chrome on WINDOWS (ee74e80bef5482577a847732c2af2b28)] -> id: username]
Entering SuperSecretPassword User Name [[ChromeDriver: chrome on WINDOWS (ee74e80bef5482577a847732c2af2b28)] -> id: password]
click on Loging Button[[ChromeDriver: chrome on WINDOWS (ee74e80bef5482577a847732c2af2b28)] -> xpath: //button[@type='submit']]
Entering invalid user and password [[ChromeDriver: chrome on WINDOWS (ee74e80bef5482577a847732c2af2b28)] -> xpath: //div[@id='flash-messages']]]]>
  </system-out>
</testsuite> <!-- com.herokuapp.testsuite.LoginPageTest -->
